<?xml version="1.0" encoding="UTF-8"?>
<!-- Generated by org.testng.reporters.JUnitReportReporter -->
<testsuite hostname="Chriss-MacBook-Air.local" name="com.qa.test.GetUrl" tests="4" failures="0" timestamp="12 Dec 2017 03:06:01 GMT" time="1.421" errors="0">
  <testcase name="getApiTestWithHeader" time="0.210" classname="com.qa.test.GetUrl"/>
  <testcase name="getResponseCode_200" time="1.198" classname="com.qa.test.GetUrl"/>
  <testcase name="getHeader" time="0.003" classname="com.qa.test.GetUrl"/>
  <testcase name="getJasonResponse" time="0.010" classname="com.qa.test.GetUrl"/>
</testsuite> <!-- com.qa.test.GetUrl -->
