<?xml version="1.0" encoding="UTF-8"?>
<!-- Generated by org.testng.reporters.JUnitReportReporter -->
<testsuite hostname="Chriss-MacBook-Air.local" name="com.qa.test.PostUrl" tests="1" failures="0" timestamp="11 Dec 2017 03:43:17 GMT" time="1.381" errors="0">
  <testcase name="postAPITest" time="1.381" classname="com.qa.test.PostUrl"/>
</testsuite> <!-- com.qa.test.PostUrl -->
