<?xml version="1.0" encoding="UTF-8"?>
<!-- Generated by org.testng.reporters.JUnitReportReporter -->
<testsuite hostname="Chriss-Air" name="com.qa.test.GetUrl" tests="4" failures="0" timestamp="11 Dec 2017 16:36:22 GMT" time="1.235" errors="0">
  <testcase name="getApiTestWithHeader" time="0.334" classname="com.qa.test.GetUrl"/>
  <testcase name="getResponseCode_200" time="0.887" classname="com.qa.test.GetUrl"/>
  <testcase name="getHeader" time="0.005" classname="com.qa.test.GetUrl"/>
  <testcase name="getJasonResponse" time="0.009" classname="com.qa.test.GetUrl"/>
</testsuite> <!-- com.qa.test.GetUrl -->
